<?xml version="1.0" encoding="UTF-8"?>
<!-- Generated by org.testng.reporters.JUnitReportReporter -->
<testsuite hostname="FVFHXGKDQ6LR" failures="0" tests="2" name="Tests.HomePageTest" time="0.170" errors="0" timestamp="2023-05-10T17:02:59 IST" skipped="0">
  <testcase classname="Tests.HomePageTest" name="TC2" time="0.074"/>
  <system-out/>
  <testcase classname="Tests.HomePageTest" name="TC1" time="0.096"/>
  <system-out/>
</testsuite> <!-- Tests.HomePageTest -->
